============================================================

Wednesday: 08/14/2019 22:42:08 PM

:> Resource_Check
C:\Users\Geo\Documents\GitHub\Video-Transcode
Python is: C:\Users\Geo\AppData\Local\Programs\Python\Python37
C:\Users\Geo\AppData\Local\Programs\Python\Python37\DLLs
C:\Users\Geo\AppData\Local\Programs\Python\Python37\lib
C:\Users\Geo\AppData\Local\Programs\Python\Python37\lib\site-packages
C:\Users\Geo\AppData\Local\Programs\Python\Python37\python37.zip
C:\Users\Geo\Documents\GitHub\Video-Transcode 


File       : C:\Users\Geo\Documents\GitHub\Video-Transcode\My_Utils.py
Access time  : Wed Jul 24 12:59:58 2019
Modified time: Wed Jul 24 10:48:54 2019
Change time  : Sat Jun  1 21:16:56 2019
Size         : 9.6 K

 C:\Users\Geo\Desktop\_2Conv  is a Folder

System Name : Litle-Beast Windows 10 ( 10.0.18362 ) Intel64 Family 6 Model 158 Stepping 10, GenuineIntel

Resources OK

============================================================
Dir: C:\Users\Geo\Desktop\_2Conv	is: 12.7 G
Start: 22:42:08
Build_List-:
 Directory Scan :C:\Users\Geo\Desktop\_2Conv
End  : 22:42:08	Total: 0.003987
============================================================
Do_it-:
 Total of 6 Files to Procces
--------------------
: 1'st of 6, 1.8 G, .mkv, Year 1234
: C:\Users\Geo\Desktop\_2Conv\Star Wars Episode III - Revenge of the Sith [George Lucas & Ewan McGregor ; Natalie Portman ; Hayden Christensen] 140 min.mkv
 Start: 22:42:08
  FFProbe_run|:		Start: 22:42:08
   End  : 22:42:08	Total: 0.033024
  FFZa_Brain/:		Start: 22:42:08
    |< CT >|02h 20m| 1920x816  |Tfr: 196.8 K|Vid: 1|Aud: 1|Sub: 28|
    |<V: 0>| hevc  |Br:   1.5 M|Fps: 23.98|  BitRate Estimate Pu_la
    |<A: 1>| vorbis |Br: 183.1 K|Fq:   46.9 K|Ch: 2|eng|1| has Pu_la * Yey *
    |<S: 2>|ass  | subtitle |eng| * Xtract *
    |<S: 2>|ass  | subtitle |eng| * Xtract *
    |<S: 3>|ass  | subtitle |eng| * Xtract *
    |<S: 3>|ass  | subtitle |eng| * Xtract *
    |<S: 4>|dvd_subtitle| subtitle |bul| * Xtract *
    |<S: 5>|dvd_subtitle| subtitle |chi| * Xtract *
    |<S: 6>|dvd_subtitle| subtitle |chi| * Xtract *
    |<S: 7>|dvd_subtitle| subtitle |hrv| * Xtract *
    |<S: 8>|dvd_subtitle| subtitle |cze| * Xtract *
    |<S: 9>|subrip| subtitle |dan| * Xtract *Skipo :( subrip
    |<S: 9>|subrip| subtitle |dan| * Xtract *Skipo :( subrip
    |<S:10>|subrip| subtitle |dut| * Xtract *Skipo :( subrip
    |<S:10>|subrip| subtitle |dut| * Xtract *Skipo :( subrip
    |<S:11>|subrip| subtitle |est| * Xtract *Skipo :( subrip
    |<S:11>|subrip| subtitle |est| * Xtract *Skipo :( subrip
    |<S:12>|subrip| subtitle |fin| * Xtract *Skipo :( subrip
    |<S:12>|subrip| subtitle |fin| * Xtract *Skipo :( subrip
    |<S:13>|subrip| subtitle |fre| * Xtract *
    |<S:13>|subrip| subtitle |fre| * Xtract *
    |<S:14>|subrip| subtitle |ger| * Xtract *Skipo :( subrip
    |<S:14>|subrip| subtitle |ger| * Xtract *Skipo :( subrip
    |<S:15>|subrip| subtitle |hun| * Xtract *Skipo :( subrip
    |<S:15>|subrip| subtitle |hun| * Xtract *Skipo :( subrip
    |<S:16>|subrip| subtitle |ita| * Xtract *Skipo :( subrip
    |<S:16>|subrip| subtitle |ita| * Xtract *Skipo :( subrip
    |<S:17>|dvd_subtitle| subtitle |jpn| * Xtract *
    |<S:18>|dvd_subtitle| subtitle |kor| * Xtract *
    |<S:19>|dvd_subtitle| subtitle |lav| * Xtract *
    |<S:20>|dvd_subtitle| subtitle |lit| * Xtract *
    |<S:21>|subrip| subtitle |nor| * Xtract *Skipo :( subrip
    |<S:21>|subrip| subtitle |nor| * Xtract *Skipo :( subrip
    |<S:22>|subrip| subtitle |por| * Xtract *Skipo :( subrip
    |<S:22>|subrip| subtitle |por| * Xtract *Skipo :( subrip
    |<S:23>|dvd_subtitle| subtitle |rum| * Xtract *
    |<S:24>|dvd_subtitle| subtitle |rus| * Xtract *
    |<S:25>|dvd_subtitle| subtitle |slv| * Xtract *
    |<S:26>|subrip| subtitle |spa| * Xtract *Skipo :( subrip
    |<S:26>|subrip| subtitle |spa| * Xtract *Skipo :( subrip
    |<S:27>|subrip| subtitle |swe| * Xtract *Skipo :( subrip
    |<S:27>|subrip| subtitle |swe| * Xtract *Skipo :( subrip
    |<S:28>|dvd_subtitle| subtitle |tha| * Xtract *
    |<S:29>|subrip| subtitle |tur| * Xtract *Skipo :( subrip
    |<S:29>|subrip| subtitle |tur| * Xtract *Skipo :( subrip
   End  : 22:42:08	Total: 0.020973
  FFMpeg_run-:		Start: 22:42:08
    |>- ['C:\\\\Program Files\\\\ffmpeg\\\\bin\\ffmpeg.exe', '-i', 'C:\\Users\\Geo\\Desktop\\_2Conv\\Star Wars Episode III - Revenge of the Sith [George Lucas & Ewan McGregor ; Natalie Portman ; Hayden Christensen] 140 min.mkv', '-hide_banner', '-map', '0:0', '-c:v', 'copy', '-map', '0:1', '-c:a:1', 'copy', '-map 0:s?', '-c:s', 'mov_text', '-metadata', 'title=" Star Wars Episode Iii - Revenge Of The Sith [George Lucas & Ewan Mcgregor ; Natalie Portman ; Hayden Christensen] 140 Min.mp4 x265 Encoded By: GeoHaZen Master ', '-movflags', '+faststart', '-fflags', 'genpts', '-y', '__z_tAYBiurFS.mp4']
Ready to Do it? FFMpeg_run-: ErRor: ErRorde 1
Next
 -+-+-+-+-+-+-+-+-+-+-+-+-+-+-+-+-+-+-+-+
: 1'st of 6, 1.8 G, .mkv, Year 1234
: C:\Users\Geo\Desktop\_2Conv\Star Wars Episode III - Revenge of the Sith [George Lucas & Ewan McGregor ; Natalie Portman ; Hayden Christensen] 140 min.mkv WTF? General Exception 'CompletedProcess' object has no attribute 'kill'
Stack:
None

Exec:
None


 ========================================
 ! Placebo did NOT delete: C:\Users\Geo\Desktop\_2Conv\Star Wars Episode III - Revenge of the Sith [George Lucas & Ewan McGregor ; Natalie Portman ; Hayden Christensen] 140 min.mkv
 End  : 22:42:20	Total: 12.170652
====================
--------------------
: 2'nd of 5, 2.1 G, .mkv, Year 1234
: C:\Users\Geo\Desktop\_2Conv\Zatoichi's Conspiracy [Kimiyoshi Yasuda & Shintarō Katsu ; Yukiyo Toake ; Eiji Okada] 88 min.mkv
 Start: 22:42:20
  FFProbe_run|:		Start: 22:42:20
   End  : 22:42:20	Total: 0.030999
  FFZa_Brain/:		Start: 22:42:20
    |< CT >|01h 27m| 1920x800  |Tfr: 123.4 K|Vid: 1|Aud: 1|Sub: 1|
    |<V: 0>| hevc  |Br:   2.7 M|Fps: 23.98|  BitRate Estimate Pu_la
2810579 2300000
    |<A: 1>| aac   |Br: 167.4 K|Fq:   46.9 K|Ch: 1|jpn|1| has Pu_la
    |<S: 2>|dvd_subtitle| subtitle |eng| * Xtract *
   End  : 22:42:20	Total: 0.003
  FFMpeg_run-:		Start: 22:42:20
    |>- ['C:\\\\Program Files\\\\ffmpeg\\\\bin\\ffmpeg.exe', '-i', "C:\\Users\\Geo\\Desktop\\_2Conv\\Zatoichi's Conspiracy [Kimiyoshi Yasuda & Shintarō Katsu ; Yukiyo Toake ; Eiji Okada] 88 min.mkv", '-hide_banner', '-map', '0:0', '-c:v', 'libx265', '-preset', 'medium', '-b:v', '2300000', '-map', '0:1', '-c:a:1', 'copy', '-map 0:s?', '-c:s', 'mov_text', '-metadata', 'title=" Zatoichi\'S Conspiracy [Kimiyoshi Yasuda & Shintarō Katsu ; Yukiyo Toake ; Eiji Okada] 88 Min.mp4 x265 Encoded By: GeoHaZen Master ', '-movflags', '+faststart', '-fflags', 'genpts', '-y', '__mIQTi1vGH7j.mp4']
Ready to Do it? 